<?xml version="1.0" encoding="UTF-8"?>
<coverage generated="1747327545484" clover="3.2.0">
  <project timestamp="1747327545484" name="All files">
    <metrics statements="161" coveredstatements="37" conditionals="41" coveredconditionals="0" methods="51" coveredmethods="17" elements="253" coveredelements="54" complexity="0" loc="161" ncloc="161" packages="1" files="3" classes="3"/>
    <file name="advanceSettings.ts" path="C:\Users\user\Documents\AmaliTechTraining\Labs\statically-strict-debugger\src\ts\advanceSettings.ts">
      <metrics statements="70" coveredstatements="14" conditionals="7" coveredconditionals="0" methods="20" coveredmethods="3"/>
      <line num="4" count="1" type="stmt"/>
      <line num="21" count="2" type="stmt"/>
      <line num="25" count="1" type="stmt"/>
      <line num="26" count="0" type="stmt"/>
      <line num="27" count="0" type="stmt"/>
      <line num="94" count="0" type="stmt"/>
      <line num="95" count="0" type="stmt"/>
      <line num="116" count="0" type="stmt"/>
      <line num="117" count="0" type="stmt"/>
      <line num="118" count="0" type="stmt"/>
      <line num="119" count="0" type="stmt"/>
      <line num="122" count="0" type="stmt"/>
      <line num="125" count="0" type="stmt"/>
      <line num="129" count="0" type="stmt"/>
      <line num="130" count="0" type="stmt"/>
      <line num="134" count="0" type="stmt"/>
      <line num="135" count="0" type="stmt"/>
      <line num="138" count="0" type="stmt"/>
      <line num="140" count="0" type="stmt"/>
      <line num="144" count="0" type="stmt"/>
      <line num="145" count="0" type="stmt"/>
      <line num="146" count="0" type="stmt"/>
      <line num="150" count="0" type="stmt"/>
      <line num="151" count="0" type="stmt"/>
      <line num="154" count="0" type="cond" truecount="0" falsecount="1"/>
      <line num="156" count="0" type="stmt"/>
      <line num="157" count="0" type="stmt"/>
      <line num="158" count="0" type="stmt"/>
      <line num="161" count="0" type="stmt"/>
      <line num="162" count="0" type="stmt"/>
      <line num="165" count="0" type="stmt"/>
      <line num="168" count="0" type="stmt"/>
      <line num="173" count="0" type="stmt"/>
      <line num="174" count="0" type="stmt"/>
      <line num="177" count="0" type="cond" truecount="0" falsecount="1"/>
      <line num="179" count="0" type="stmt"/>
      <line num="180" count="0" type="stmt"/>
      <line num="181" count="0" type="stmt"/>
      <line num="184" count="0" type="stmt"/>
      <line num="185" count="0" type="stmt"/>
      <line num="188" count="0" type="stmt"/>
      <line num="191" count="0" type="stmt"/>
      <line num="196" count="0" type="cond" truecount="0" falsecount="1"/>
      <line num="197" count="0" type="stmt"/>
      <line num="198" count="0" type="stmt"/>
      <line num="202" count="0" type="stmt"/>
      <line num="207" count="0" type="stmt"/>
      <line num="208" count="0" type="stmt"/>
      <line num="212" count="0" type="stmt"/>
      <line num="216" count="0" type="stmt"/>
      <line num="220" count="2" type="stmt"/>
      <line num="222" count="2" type="stmt"/>
      <line num="223" count="2" type="stmt"/>
      <line num="224" count="2" type="stmt"/>
      <line num="225" count="2" type="stmt"/>
      <line num="227" count="2" type="stmt"/>
      <line num="231" count="1" type="stmt"/>
      <line num="232" count="1" type="stmt"/>
      <line num="233" count="1" type="stmt"/>
      <line num="234" count="1" type="stmt"/>
      <line num="238" count="0" type="stmt"/>
      <line num="239" count="0" type="stmt"/>
      <line num="240" count="0" type="stmt"/>
      <line num="242" count="0" type="cond" truecount="0" falsecount="1"/>
      <line num="247" count="0" type="stmt"/>
      <line num="250" count="0" type="stmt"/>
      <line num="256" count="0" type="stmt"/>
      <line num="262" count="0" type="stmt"/>
      <line num="263" count="0" type="stmt"/>
      <line num="271" count="1" type="stmt"/>
    </file>
    <file name="basicSettings.ts" path="C:\Users\user\Documents\AmaliTechTraining\Labs\statically-strict-debugger\src\ts\basicSettings.ts">
      <metrics statements="48" coveredstatements="12" conditionals="18" coveredconditionals="0" methods="11" coveredmethods="7"/>
      <line num="3" count="3" type="stmt"/>
      <line num="13" count="8" type="stmt"/>
      <line num="17" count="2" type="stmt"/>
      <line num="29" count="1" type="stmt"/>
      <line num="30" count="1" type="stmt"/>
      <line num="34" count="1" type="stmt"/>
      <line num="35" count="1" type="stmt"/>
      <line num="40" count="1" type="stmt"/>
      <line num="41" count="1" type="stmt"/>
      <line num="45" count="1" type="stmt"/>
      <line num="46" count="1" type="stmt"/>
      <line num="55" count="0" type="stmt"/>
      <line num="56" count="0" type="stmt"/>
      <line num="57" count="0" type="stmt"/>
      <line num="58" count="0" type="stmt"/>
      <line num="59" count="0" type="stmt"/>
      <line num="63" count="0" type="stmt"/>
      <line num="64" count="0" type="stmt"/>
      <line num="66" count="0" type="cond" truecount="0" falsecount="5"/>
      <line num="68" count="0" type="stmt"/>
      <line num="70" count="0" type="cond" truecount="0" falsecount="2"/>
      <line num="71" count="0" type="stmt"/>
      <line num="72" count="0" type="stmt"/>
      <line num="73" count="0" type="stmt"/>
      <line num="74" count="0" type="stmt"/>
      <line num="75" count="0" type="stmt"/>
      <line num="77" count="0" type="stmt"/>
      <line num="78" count="0" type="stmt"/>
      <line num="79" count="0" type="stmt"/>
      <line num="84" count="0" type="stmt"/>
      <line num="86" count="0" type="cond" truecount="0" falsecount="3"/>
      <line num="89" count="0" type="stmt"/>
      <line num="91" count="0" type="stmt"/>
      <line num="93" count="0" type="cond" truecount="0" falsecount="1"/>
      <line num="96" count="0" type="cond" truecount="0" falsecount="1"/>
      <line num="97" count="0" type="stmt"/>
      <line num="98" count="0" type="stmt"/>
      <line num="101" count="0" type="stmt"/>
      <line num="102" count="0" type="stmt"/>
      <line num="106" count="0" type="stmt"/>
      <line num="108" count="0" type="cond" truecount="0" falsecount="4"/>
      <line num="110" count="0" type="cond" truecount="0" falsecount="2"/>
      <line num="111" count="0" type="stmt"/>
      <line num="112" count="0" type="stmt"/>
      <line num="113" count="0" type="stmt"/>
      <line num="115" count="0" type="stmt"/>
      <line num="116" count="0" type="stmt"/>
      <line num="124" count="3" type="stmt"/>
    </file>
    <file name="general.ts" path="C:\Users\user\Documents\AmaliTechTraining\Labs\statically-strict-debugger\src\ts\general.ts">
      <metrics statements="43" coveredstatements="11" conditionals="16" coveredconditionals="0" methods="20" coveredmethods="7"/>
      <line num="2" count="12" type="stmt"/>
      <line num="21" count="12" type="stmt"/>
      <line num="36" count="12" type="stmt"/>
      <line num="37" count="12" type="stmt"/>
      <line num="41" count="1" type="stmt"/>
      <line num="45" count="0" type="stmt"/>
      <line num="49" count="0" type="stmt"/>
      <line num="50" count="0" type="cond" truecount="0" falsecount="2"/>
      <line num="51" count="0" type="stmt"/>
      <line num="55" count="0" type="stmt"/>
      <line num="56" count="0" type="stmt"/>
      <line num="57" count="0" type="stmt"/>
      <line num="61" count="1" type="stmt"/>
      <line num="65" count="0" type="stmt"/>
      <line num="74" count="0" type="stmt"/>
      <line num="75" count="0" type="stmt"/>
      <line num="79" count="0" type="stmt"/>
      <line num="80" count="0" type="stmt"/>
      <line num="85" count="0" type="stmt"/>
      <line num="89" count="0" type="stmt"/>
      <line num="90" count="0" type="cond" truecount="0" falsecount="2"/>
      <line num="94" count="0" type="stmt"/>
      <line num="98" count="0" type="stmt"/>
      <line num="102" count="1" type="stmt"/>
      <line num="106" count="1" type="stmt"/>
      <line num="110" count="1" type="stmt"/>
      <line num="113" count="1" type="stmt"/>
      <line num="121" count="0" type="cond" truecount="0" falsecount="2"/>
      <line num="122" count="0" type="stmt"/>
      <line num="123" count="0" type="cond" truecount="0" falsecount="2"/>
      <line num="124" count="0" type="stmt"/>
      <line num="125" count="0" type="stmt"/>
      <line num="126" count="0" type="cond" truecount="0" falsecount="2"/>
      <line num="127" count="0" type="stmt"/>
      <line num="130" count="0" type="stmt"/>
      <line num="133" count="0" type="cond" truecount="0" falsecount="1"/>
      <line num="135" count="0" type="stmt"/>
      <line num="137" count="0" type="cond" truecount="0" falsecount="1"/>
      <line num="139" count="0" type="cond" truecount="0" falsecount="2"/>
      <line num="143" count="0" type="stmt"/>
      <line num="144" count="0" type="stmt"/>
      <line num="145" count="0" type="stmt"/>
      <line num="149" count="4" type="stmt"/>
    </file>
  </project>
</coverage>
