{"C:\\Users\\user\\Documents\\AmaliTechTraining\\Labs\\statically-strict-debugger\\src\\ts\\advanceSettings.ts": {"path":"C:\\Users\\user\\Documents\\AmaliTechTraining\\Labs\\statically-strict-debugger\\src\\ts\\advanceSettings.ts","statementMap":{"0":{"start":{"line":4,"column":0},"end":{"line":4,"column":36}},"1":{"start":{"line":21,"column":8},"end":{"line":21,"column":16}},"2":{"start":{"line":116,"column":29},"end":{"line":116,"column":67}},"3":{"start":{"line":117,"column":30},"end":{"line":117,"column":84}},"4":{"start":{"line":118,"column":30},"end":{"line":118,"column":90}},"5":{"start":{"line":119,"column":8},"end":{"line":119,"column":41}},"6":{"start":{"line":122,"column":8},"end":{"line":122,"column":82}},"7":{"start":{"line":125,"column":8},"end":{"line":125,"column":50}},"8":{"start":{"line":129,"column":24},"end":{"line":129,"column":120}},"9":{"start":{"line":130,"column":8},"end":{"line":130,"column":35}},"10":{"start":{"line":134,"column":30},"end":{"line":134,"column":90}},"11":{"start":{"line":135,"column":29},"end":{"line":135,"column":79}},"12":{"start":{"line":138,"column":8},"end":{"line":138,"column":null}},"13":{"start":{"line":140,"column":8},"end":{"line":140,"column":38}},"14":{"start":{"line":144,"column":24},"end":{"line":144,"column":116}},"15":{"start":{"line":145,"column":8},"end":{"line":145,"column":27}},"16":{"start":{"line":146,"column":8},"end":{"line":146,"column":15}},"17":{"start":{"line":150,"column":24},"end":{"line":150,"column":104}},"18":{"start":{"line":151,"column":26},"end":{"line":151,"column":33}},"19":{"start":{"line":154,"column":8},"end":{"line":154,"column":27}},"20":{"start":{"line":154,"column":20},"end":{"line":154,"column":27}},"21":{"start":{"line":156,"column":26},"end":{"line":156,"column":120}},"22":{"start":{"line":157,"column":8},"end":{"line":157,"column":33}},"23":{"start":{"line":158,"column":8},"end":{"line":158,"column":27}},"24":{"start":{"line":161,"column":28},"end":{"line":161,"column":86}},"25":{"start":{"line":162,"column":8},"end":{"line":162,"column":62}},"26":{"start":{"line":165,"column":8},"end":{"line":165,"column":44}},"27":{"start":{"line":168,"column":8},"end":{"line":168,"column":59}},"28":{"start":{"line":173,"column":24},"end":{"line":173,"column":105}},"29":{"start":{"line":174,"column":26},"end":{"line":174,"column":33}},"30":{"start":{"line":177,"column":8},"end":{"line":177,"column":27}},"31":{"start":{"line":177,"column":20},"end":{"line":177,"column":27}},"32":{"start":{"line":179,"column":26},"end":{"line":179,"column":120}},"33":{"start":{"line":180,"column":8},"end":{"line":180,"column":34}},"34":{"start":{"line":181,"column":8},"end":{"line":181,"column":27}},"35":{"start":{"line":184,"column":28},"end":{"line":184,"column":87}},"36":{"start":{"line":185,"column":8},"end":{"line":185,"column":63}},"37":{"start":{"line":188,"column":8},"end":{"line":188,"column":44}},"38":{"start":{"line":191,"column":8},"end":{"line":191,"column":60}},"39":{"start":{"line":196,"column":8},"end":{"line":196,"column":55}},"40":{"start":{"line":196,"column":28},"end":{"line":196,"column":55}},"41":{"start":{"line":197,"column":26},"end":{"line":197,"column":97}},"42":{"start":{"line":198,"column":8},"end":{"line":198,"column":25}},"43":{"start":{"line":202,"column":8},"end":{"line":202,"column":93}},"44":{"start":{"line":207,"column":34},"end":{"line":207,"column":101}},"45":{"start":{"line":208,"column":8},"end":{"line":208,"column":45}},"46":{"start":{"line":212,"column":8},"end":{"line":212,"column":null}},"47":{"start":{"line":216,"column":8},"end":{"line":216,"column":20}},"48":{"start":{"line":220,"column":28},"end":{"line":220,"column":55}},"49":{"start":{"line":222,"column":31},"end":{"line":222,"column":41}},"50":{"start":{"line":223,"column":8},"end":{"line":223,"column":38}},"51":{"start":{"line":224,"column":8},"end":{"line":224,"column":39}},"52":{"start":{"line":225,"column":8},"end":{"line":225,"column":37}},"53":{"start":{"line":227,"column":8},"end":{"line":227,"column":30}},"54":{"start":{"line":231,"column":20},"end":{"line":231,"column":30}},"55":{"start":{"line":232,"column":24},"end":{"line":232,"column":79}},"56":{"start":{"line":233,"column":8},"end":{"line":233,"column":34}},"57":{"start":{"line":234,"column":8},"end":{"line":234,"column":23}},"58":{"start":{"line":238,"column":8},"end":{"line":258,"column":null}},"59":{"start":{"line":239,"column":41},"end":{"line":253,"column":13}},"60":{"start":{"line":240,"column":28},"end":{"line":240,"column":38}},"61":{"start":{"line":242,"column":16},"end":{"line":252,"column":17}},"62":{"start":{"line":247,"column":20},"end":{"line":247,"column":null}},"63":{"start":{"line":250,"column":20},"end":{"line":250,"column":46}},"64":{"start":{"line":256,"column":31},"end":{"line":256,"column":70}},"65":{"start":{"line":262,"column":30},"end":{"line":262,"column":51}},"66":{"start":{"line":263,"column":8},"end":{"line":263,"column":64}},"67":{"start":{"line":25,"column":13},"end":{"line":113,"column":null}},"68":{"start":{"line":26,"column":53},"end":{"line":26,"column":62}},"69":{"start":{"line":27,"column":8},"end":{"line":90,"column":null}},"70":{"start":{"line":94,"column":20},"end":{"line":94,"column":66}},"71":{"start":{"line":95,"column":8},"end":{"line":112,"column":11}},"72":{"start":{"line":271,"column":0},"end":{"line":271,"column":31}}},"fnMap":{"0":{"name":"(anonymous_2)","decl":{"start":{"line":20,"column":4},"end":{"line":20,"column":null}},"loc":{"start":{"line":20,"column":4},"end":{"line":23,"column":5}}},"1":{"name":"(anonymous_3)","decl":{"start":{"line":115,"column":4},"end":{"line":115,"column":14}},"loc":{"start":{"line":115,"column":35},"end":{"line":126,"column":5}}},"2":{"name":"(anonymous_4)","decl":{"start":{"line":128,"column":4},"end":{"line":128,"column":24}},"loc":{"start":{"line":128,"column":53},"end":{"line":131,"column":5}}},"3":{"name":"(anonymous_5)","decl":{"start":{"line":133,"column":4},"end":{"line":133,"column":19}},"loc":{"start":{"line":133,"column":19},"end":{"line":141,"column":5}}},"4":{"name":"(anonymous_6)","decl":{"start":{"line":143,"column":4},"end":{"line":143,"column":26}},"loc":{"start":{"line":143,"column":89},"end":{"line":147,"column":5}}},"5":{"name":"(anonymous_7)","decl":{"start":{"line":149,"column":4},"end":{"line":149,"column":30}},"loc":{"start":{"line":149,"column":59},"end":{"line":170,"column":5}}},"6":{"name":"(anonymous_8)","decl":{"start":{"line":172,"column":4},"end":{"line":172,"column":31}},"loc":{"start":{"line":172,"column":60},"end":{"line":193,"column":5}}},"7":{"name":"(anonymous_9)","decl":{"start":{"line":195,"column":4},"end":{"line":195,"column":24}},"loc":{"start":{"line":195,"column":48},"end":{"line":199,"column":5}}},"8":{"name":"(anonymous_10)","decl":{"start":{"line":201,"column":4},"end":{"line":201,"column":23}},"loc":{"start":{"line":201,"column":46},"end":{"line":204,"column":5}}},"9":{"name":"(anonymous_11)","decl":{"start":{"line":206,"column":4},"end":{"line":206,"column":14}},"loc":{"start":{"line":206,"column":54},"end":{"line":209,"column":5}}},"10":{"name":"(anonymous_12)","decl":{"start":{"line":211,"column":4},"end":{"line":211,"column":18}},"loc":{"start":{"line":211,"column":32},"end":{"line":213,"column":5}}},"11":{"name":"(anonymous_13)","decl":{"start":{"line":215,"column":4},"end":{"line":215,"column":20}},"loc":{"start":{"line":215,"column":20},"end":{"line":217,"column":5}}},"12":{"name":"(anonymous_14)","decl":{"start":{"line":219,"column":4},"end":{"line":219,"column":14}},"loc":{"start":{"line":219,"column":28},"end":{"line":228,"column":5}}},"13":{"name":"(anonymous_15)","decl":{"start":{"line":230,"column":4},"end":{"line":230,"column":18}},"loc":{"start":{"line":230,"column":40},"end":{"line":235,"column":5}}},"14":{"name":"(anonymous_16)","decl":{"start":{"line":237,"column":4},"end":{"line":237,"column":9}},"loc":{"start":{"line":237,"column":86},"end":{"line":259,"column":5}}},"15":{"name":"(anonymous_17)","decl":{"start":{"line":238,"column":28},"end":{"line":238,"column":29}},"loc":{"start":{"line":238,"column":48},"end":{"line":258,"column":9}}},"16":{"name":"(anonymous_18)","decl":{"start":{"line":239,"column":41},"end":{"line":239,"column":44}},"loc":{"start":{"line":239,"column":46},"end":{"line":253,"column":13}}},"17":{"name":"(anonymous_19)","decl":{"start":{"line":261,"column":4},"end":{"line":261,"column":9}},"loc":{"start":{"line":261,"column":69},"end":{"line":264,"column":5}}},"18":{"name":"_AdvanceSettings_markup","decl":{"start":{"line":25,"column":13},"end":{"line":25,"column":43}},"loc":{"start":{"line":25,"column":43},"end":{"line":91,"column":5}}},"19":{"name":"_AdvanceSettings_analyticsUsage","decl":{"start":{"line":91,"column":5},"end":{"line":91,"column":null}},"loc":{"start":{"line":93,"column":34},"end":{"line":113,"column":5}}}},"branchMap":{"0":{"loc":{"start":{"line":154,"column":8},"end":{"line":154,"column":27}},"type":"if","locations":[{"start":{"line":154,"column":8},"end":{"line":154,"column":27}}]},"1":{"loc":{"start":{"line":177,"column":8},"end":{"line":177,"column":27}},"type":"if","locations":[{"start":{"line":177,"column":8},"end":{"line":177,"column":27}}]},"2":{"loc":{"start":{"line":196,"column":8},"end":{"line":196,"column":55}},"type":"if","locations":[{"start":{"line":196,"column":8},"end":{"line":196,"column":55}}]},"3":{"loc":{"start":{"line":242,"column":16},"end":{"line":252,"column":17}},"type":"if","locations":[{"start":{"line":242,"column":16},"end":{"line":252,"column":17}}]},"4":{"loc":{"start":{"line":243,"column":20},"end":{"line":245,"column":58}},"type":"binary-expr","locations":[{"start":{"line":243,"column":20},"end":{"line":243,"column":54}},{"start":{"line":244,"column":20},"end":{"line":244,"column":58}},{"start":{"line":245,"column":20},"end":{"line":245,"column":58}}]}},"s":{"0":1,"1":2,"2":0,"3":0,"4":0,"5":0,"6":0,"7":0,"8":0,"9":0,"10":0,"11":0,"12":0,"13":0,"14":0,"15":0,"16":0,"17":0,"18":0,"19":0,"20":0,"21":0,"22":0,"23":0,"24":0,"25":0,"26":0,"27":0,"28":0,"29":0,"30":0,"31":0,"32":0,"33":0,"34":0,"35":0,"36":0,"37":0,"38":0,"39":0,"40":0,"41":0,"42":0,"43":0,"44":0,"45":0,"46":0,"47":0,"48":2,"49":2,"50":2,"51":2,"52":2,"53":2,"54":1,"55":1,"56":1,"57":1,"58":0,"59":0,"60":0,"61":0,"62":0,"63":0,"64":0,"65":0,"66":0,"67":1,"68":0,"69":0,"70":0,"71":0,"72":1},"f":{"0":2,"1":0,"2":0,"3":0,"4":0,"5":0,"6":0,"7":0,"8":0,"9":0,"10":0,"11":0,"12":2,"13":1,"14":0,"15":0,"16":0,"17":0,"18":0,"19":0},"b":{"0":[0],"1":[0],"2":[0],"3":[0],"4":[0,0,0]}}
,"C:\\Users\\user\\Documents\\AmaliTechTraining\\Labs\\statically-strict-debugger\\src\\ts\\basicSettings.ts": {"path":"C:\\Users\\user\\Documents\\AmaliTechTraining\\Labs\\statically-strict-debugger\\src\\ts\\basicSettings.ts","statementMap":{"0":{"start":{"line":3,"column":0},"end":{"line":3,"column":32}},"1":{"start":{"line":13,"column":8},"end":{"line":13,"column":16}},"2":{"start":{"line":17,"column":8},"end":{"line":24,"column":10}},"3":{"start":{"line":29,"column":21},"end":{"line":29,"column":47}},"4":{"start":{"line":30,"column":8},"end":{"line":30,"column":51}},"5":{"start":{"line":34,"column":8},"end":{"line":36,"column":17}},"6":{"start":{"line":35,"column":12},"end":{"line":35,"column":29}},"7":{"start":{"line":40,"column":8},"end":{"line":40,"column":80}},"8":{"start":{"line":41,"column":8},"end":{"line":41,"column":93}},"9":{"start":{"line":45,"column":8},"end":{"line":45,"column":84}},"10":{"start":{"line":46,"column":8},"end":{"line":46,"column":89}},"11":{"start":{"line":55,"column":21},"end":{"line":55,"column":70}},"12":{"start":{"line":56,"column":30},"end":{"line":56,"column":66}},"13":{"start":{"line":57,"column":29},"end":{"line":57,"column":80}},"14":{"start":{"line":58,"column":27},"end":{"line":58,"column":99}},"15":{"start":{"line":59,"column":8},"end":{"line":59,"column":65}},"16":{"start":{"line":63,"column":71},"end":{"line":63,"column":119}},"17":{"start":{"line":64,"column":23},"end":{"line":64,"column":120}},"18":{"start":{"line":66,"column":8},"end":{"line":66,"column":75}},"19":{"start":{"line":66,"column":68},"end":{"line":66,"column":75}},"20":{"start":{"line":68,"column":8},"end":{"line":68,"column":51}},"21":{"start":{"line":70,"column":8},"end":{"line":80,"column":9}},"22":{"start":{"line":71,"column":12},"end":{"line":71,"column":45}},"23":{"start":{"line":72,"column":12},"end":{"line":72,"column":41}},"24":{"start":{"line":73,"column":35},"end":{"line":73,"column":64}},"25":{"start":{"line":74,"column":12},"end":{"line":74,"column":66}},"26":{"start":{"line":75,"column":12},"end":{"line":75,"column":63}},"27":{"start":{"line":77,"column":12},"end":{"line":77,"column":46}},"28":{"start":{"line":78,"column":12},"end":{"line":78,"column":53}},"29":{"start":{"line":79,"column":12},"end":{"line":79,"column":31}},"30":{"start":{"line":84,"column":33},"end":{"line":84,"column":70}},"31":{"start":{"line":86,"column":8},"end":{"line":86,"column":70}},"32":{"start":{"line":86,"column":63},"end":{"line":86,"column":70}},"33":{"start":{"line":89,"column":8},"end":{"line":89,"column":49}},"34":{"start":{"line":91,"column":28},"end":{"line":91,"column":99}},"35":{"start":{"line":93,"column":8},"end":{"line":93,"column":32}},"36":{"start":{"line":93,"column":25},"end":{"line":93,"column":32}},"37":{"start":{"line":96,"column":8},"end":{"line":99,"column":9}},"38":{"start":{"line":97,"column":12},"end":{"line":97,"column":44}},"39":{"start":{"line":98,"column":12},"end":{"line":98,"column":null}},"40":{"start":{"line":101,"column":8},"end":{"line":101,"column":39}},"41":{"start":{"line":102,"column":8},"end":{"line":102,"column":null}},"42":{"start":{"line":106,"column":71},"end":{"line":106,"column":119}},"43":{"start":{"line":108,"column":8},"end":{"line":108,"column":63}},"44":{"start":{"line":108,"column":56},"end":{"line":108,"column":63}},"45":{"start":{"line":110,"column":8},"end":{"line":117,"column":9}},"46":{"start":{"line":111,"column":12},"end":{"line":111,"column":45}},"47":{"start":{"line":112,"column":35},"end":{"line":112,"column":64}},"48":{"start":{"line":113,"column":12},"end":{"line":113,"column":66}},"49":{"start":{"line":115,"column":12},"end":{"line":115,"column":46}},"50":{"start":{"line":116,"column":12},"end":{"line":116,"column":53}},"51":{"start":{"line":124,"column":0},"end":{"line":124,"column":21}}},"fnMap":{"0":{"name":"(anonymous_1)","decl":{"start":{"line":12,"column":4},"end":{"line":12,"column":null}},"loc":{"start":{"line":12,"column":4},"end":{"line":14,"column":5}}},"1":{"name":"(anonymous_2)","decl":{"start":{"line":16,"column":4},"end":{"line":16,"column":16}},"loc":{"start":{"line":16,"column":33},"end":{"line":26,"column":5}}},"2":{"name":"(anonymous_3)","decl":{"start":{"line":28,"column":4},"end":{"line":28,"column":23}},"loc":{"start":{"line":28,"column":90},"end":{"line":31,"column":5}}},"3":{"name":"(anonymous_4)","decl":{"start":{"line":33,"column":4},"end":{"line":33,"column":22}},"loc":{"start":{"line":33,"column":44},"end":{"line":37,"column":5}}},"4":{"name":"(anonymous_5)","decl":{"start":{"line":34,"column":19},"end":{"line":34,"column":22}},"loc":{"start":{"line":34,"column":24},"end":{"line":36,"column":9}}},"5":{"name":"(anonymous_6)","decl":{"start":{"line":39,"column":4},"end":{"line":39,"column":17}},"loc":{"start":{"line":39,"column":50},"end":{"line":42,"column":5}}},"6":{"name":"(anonymous_7)","decl":{"start":{"line":44,"column":4},"end":{"line":44,"column":18}},"loc":{"start":{"line":44,"column":51},"end":{"line":47,"column":5}}},"7":{"name":"(anonymous_8)","decl":{"start":{"line":49,"column":4},"end":{"line":49,"column":27}},"loc":{"start":{"line":49,"column":59},"end":{"line":60,"column":5}}},"8":{"name":"(anonymous_9)","decl":{"start":{"line":62,"column":4},"end":{"line":62,"column":21}},"loc":{"start":{"line":62,"column":53},"end":{"line":81,"column":5}}},"9":{"name":"(anonymous_10)","decl":{"start":{"line":83,"column":4},"end":{"line":83,"column":30}},"loc":{"start":{"line":83,"column":70},"end":{"line":103,"column":5}}},"10":{"name":"(anonymous_11)","decl":{"start":{"line":105,"column":4},"end":{"line":105,"column":15}},"loc":{"start":{"line":105,"column":67},"end":{"line":118,"column":5}}}},"branchMap":{"0":{"loc":{"start":{"line":66,"column":8},"end":{"line":66,"column":75}},"type":"if","locations":[{"start":{"line":66,"column":8},"end":{"line":66,"column":75}}]},"1":{"loc":{"start":{"line":66,"column":12},"end":{"line":66,"column":65}},"type":"binary-expr","locations":[{"start":{"line":66,"column":12},"end":{"line":66,"column":22}},{"start":{"line":66,"column":26},"end":{"line":66,"column":39}},{"start":{"line":66,"column":43},"end":{"line":66,"column":54}},{"start":{"line":66,"column":58},"end":{"line":66,"column":65}}]},"2":{"loc":{"start":{"line":70,"column":8},"end":{"line":80,"column":9}},"type":"if","locations":[{"start":{"line":70,"column":8},"end":{"line":80,"column":9}},{"start":{"line":76,"column":15},"end":{"line":80,"column":9}}]},"3":{"loc":{"start":{"line":86,"column":8},"end":{"line":86,"column":70}},"type":"if","locations":[{"start":{"line":86,"column":8},"end":{"line":86,"column":70}}]},"4":{"loc":{"start":{"line":86,"column":12},"end":{"line":86,"column":61}},"type":"binary-expr","locations":[{"start":{"line":86,"column":12},"end":{"line":86,"column":41}},{"start":{"line":86,"column":45},"end":{"line":86,"column":61}}]},"5":{"loc":{"start":{"line":93,"column":8},"end":{"line":93,"column":32}},"type":"if","locations":[{"start":{"line":93,"column":8},"end":{"line":93,"column":32}}]},"6":{"loc":{"start":{"line":96,"column":8},"end":{"line":99,"column":9}},"type":"if","locations":[{"start":{"line":96,"column":8},"end":{"line":99,"column":9}}]},"7":{"loc":{"start":{"line":108,"column":8},"end":{"line":108,"column":63}},"type":"if","locations":[{"start":{"line":108,"column":8},"end":{"line":108,"column":63}}]},"8":{"loc":{"start":{"line":108,"column":12},"end":{"line":108,"column":54}},"type":"binary-expr","locations":[{"start":{"line":108,"column":12},"end":{"line":108,"column":22}},{"start":{"line":108,"column":26},"end":{"line":108,"column":37}},{"start":{"line":108,"column":41},"end":{"line":108,"column":54}}]},"9":{"loc":{"start":{"line":110,"column":8},"end":{"line":117,"column":9}},"type":"if","locations":[{"start":{"line":110,"column":8},"end":{"line":117,"column":9}},{"start":{"line":114,"column":15},"end":{"line":117,"column":9}}]}},"s":{"0":3,"1":8,"2":2,"3":1,"4":1,"5":1,"6":1,"7":1,"8":1,"9":1,"10":1,"11":0,"12":0,"13":0,"14":0,"15":0,"16":0,"17":0,"18":0,"19":0,"20":0,"21":0,"22":0,"23":0,"24":0,"25":0,"26":0,"27":0,"28":0,"29":0,"30":0,"31":0,"32":0,"33":0,"34":0,"35":0,"36":0,"37":0,"38":0,"39":0,"40":0,"41":0,"42":0,"43":0,"44":0,"45":0,"46":0,"47":0,"48":0,"49":0,"50":0,"51":3},"f":{"0":8,"1":2,"2":1,"3":1,"4":1,"5":1,"6":1,"7":0,"8":0,"9":0,"10":0},"b":{"0":[0],"1":[0,0,0,0],"2":[0,0],"3":[0],"4":[0,0],"5":[0],"6":[0],"7":[0],"8":[0,0,0],"9":[0,0]}}
,"C:\\Users\\user\\Documents\\AmaliTechTraining\\Labs\\statically-strict-debugger\\src\\ts\\general.ts": {"path":"C:\\Users\\user\\Documents\\AmaliTechTraining\\Labs\\statically-strict-debugger\\src\\ts\\general.ts","statementMap":{"0":{"start":{"line":2,"column":4},"end":{"line":19,"column":null}},"1":{"start":{"line":21,"column":4},"end":{"line":30,"column":null}},"2":{"start":{"line":36,"column":8},"end":{"line":36,"column":31}},"3":{"start":{"line":37,"column":8},"end":{"line":37,"column":32}},"4":{"start":{"line":41,"column":8},"end":{"line":41,"column":41}},"5":{"start":{"line":45,"column":8},"end":{"line":45,"column":36}},"6":{"start":{"line":49,"column":32},"end":{"line":49,"column":98}},"7":{"start":{"line":50,"column":21},"end":{"line":50,"column":70}},"8":{"start":{"line":51,"column":8},"end":{"line":51,"column":20}},"9":{"start":{"line":55,"column":21},"end":{"line":55,"column":93}},"10":{"start":{"line":56,"column":21},"end":{"line":56,"column":44}},"11":{"start":{"line":57,"column":8},"end":{"line":57,"column":20}},"12":{"start":{"line":61,"column":8},"end":{"line":61,"column":56}},"13":{"start":{"line":65,"column":8},"end":{"line":69,"column":10}},"14":{"start":{"line":74,"column":21},"end":{"line":74,"column":47}},"15":{"start":{"line":75,"column":8},"end":{"line":75,"column":51}},"16":{"start":{"line":79,"column":8},"end":{"line":81,"column":17}},"17":{"start":{"line":80,"column":12},"end":{"line":80,"column":29}},"18":{"start":{"line":85,"column":8},"end":{"line":85,"column":53}},"19":{"start":{"line":89,"column":32},"end":{"line":89,"column":75}},"20":{"start":{"line":90,"column":8},"end":{"line":90,"column":88}},"21":{"start":{"line":94,"column":8},"end":{"line":94,"column":63}},"22":{"start":{"line":98,"column":8},"end":{"line":98,"column":null}},"23":{"start":{"line":102,"column":8},"end":{"line":102,"column":36}},"24":{"start":{"line":106,"column":8},"end":{"line":106,"column":43}},"25":{"start":{"line":110,"column":8},"end":{"line":110,"column":43}},"26":{"start":{"line":113,"column":8},"end":{"line":113,"column":40}},"27":{"start":{"line":121,"column":8},"end":{"line":131,"column":9}},"28":{"start":{"line":122,"column":12},"end":{"line":122,"column":48}},"29":{"start":{"line":123,"column":15},"end":{"line":131,"column":9}},"30":{"start":{"line":124,"column":37},"end":{"line":124,"column":78}},"31":{"start":{"line":125,"column":12},"end":{"line":125,"column":59}},"32":{"start":{"line":126,"column":15},"end":{"line":131,"column":9}},"33":{"start":{"line":127,"column":12},"end":{"line":127,"column":54}},"34":{"start":{"line":130,"column":12},"end":{"line":130,"column":56}},"35":{"start":{"line":133,"column":8},"end":{"line":133,"column":27}},"36":{"start":{"line":133,"column":20},"end":{"line":133,"column":27}},"37":{"start":{"line":135,"column":30},"end":{"line":135,"column":80}},"38":{"start":{"line":137,"column":8},"end":{"line":137,"column":37}},"39":{"start":{"line":137,"column":30},"end":{"line":137,"column":37}},"40":{"start":{"line":139,"column":8},"end":{"line":139,"column":54}},"41":{"start":{"line":143,"column":22},"end":{"line":143,"column":37}},"42":{"start":{"line":144,"column":24},"end":{"line":144,"column":39}},"43":{"start":{"line":145,"column":8},"end":{"line":145,"column":23}},"44":{"start":{"line":149,"column":0},"end":{"line":149,"column":null}}},"fnMap":{"0":{"name":"(anonymous_0)","decl":{"start":{"line":35,"column":4},"end":{"line":35,"column":null}},"loc":{"start":{"line":35,"column":4},"end":{"line":38,"column":5}}},"1":{"name":"(anonymous_1)","decl":{"start":{"line":40,"column":4},"end":{"line":40,"column":16}},"loc":{"start":{"line":40,"column":29},"end":{"line":42,"column":5}}},"2":{"name":"(anonymous_2)","decl":{"start":{"line":44,"column":4},"end":{"line":44,"column":11}},"loc":{"start":{"line":44,"column":11},"end":{"line":46,"column":5}}},"3":{"name":"(anonymous_3)","decl":{"start":{"line":48,"column":4},"end":{"line":48,"column":28}},"loc":{"start":{"line":48,"column":99},"end":{"line":52,"column":5}}},"4":{"name":"(anonymous_4)","decl":{"start":{"line":54,"column":4},"end":{"line":54,"column":20}},"loc":{"start":{"line":54,"column":91},"end":{"line":58,"column":5}}},"5":{"name":"(anonymous_5)","decl":{"start":{"line":60,"column":4},"end":{"line":60,"column":14}},"loc":{"start":{"line":60,"column":77},"end":{"line":62,"column":5}}},"6":{"name":"(anonymous_6)","decl":{"start":{"line":64,"column":4},"end":{"line":64,"column":16}},"loc":{"start":{"line":64,"column":33},"end":{"line":71,"column":5}}},"7":{"name":"(anonymous_7)","decl":{"start":{"line":73,"column":4},"end":{"line":73,"column":23}},"loc":{"start":{"line":73,"column":86},"end":{"line":76,"column":5}}},"8":{"name":"(anonymous_8)","decl":{"start":{"line":78,"column":4},"end":{"line":78,"column":22}},"loc":{"start":{"line":78,"column":44},"end":{"line":82,"column":5}}},"9":{"name":"(anonymous_9)","decl":{"start":{"line":79,"column":19},"end":{"line":79,"column":22}},"loc":{"start":{"line":79,"column":24},"end":{"line":81,"column":9}}},"10":{"name":"(anonymous_10)","decl":{"start":{"line":84,"column":4},"end":{"line":84,"column":12}},"loc":{"start":{"line":84,"column":60},"end":{"line":86,"column":5}}},"11":{"name":"(anonymous_11)","decl":{"start":{"line":88,"column":4},"end":{"line":88,"column":19}},"loc":{"start":{"line":88,"column":128},"end":{"line":91,"column":5}}},"12":{"name":"(anonymous_12)","decl":{"start":{"line":93,"column":4},"end":{"line":93,"column":24}},"loc":{"start":{"line":93,"column":69},"end":{"line":95,"column":5}}},"13":{"name":"(anonymous_13)","decl":{"start":{"line":97,"column":4},"end":{"line":97,"column":23}},"loc":{"start":{"line":97,"column":53},"end":{"line":99,"column":5}}},"14":{"name":"(anonymous_14)","decl":{"start":{"line":101,"column":4},"end":{"line":101,"column":21}},"loc":{"start":{"line":101,"column":57},"end":{"line":103,"column":5}}},"15":{"name":"(anonymous_15)","decl":{"start":{"line":105,"column":4},"end":{"line":105,"column":16}},"loc":{"start":{"line":105,"column":37},"end":{"line":107,"column":5}}},"16":{"name":"(anonymous_16)","decl":{"start":{"line":109,"column":4},"end":{"line":109,"column":16}},"loc":{"start":{"line":109,"column":37},"end":{"line":111,"column":5}}},"17":{"name":"(anonymous_17)","decl":{"start":{"line":112,"column":4},"end":{"line":112,"column":13}},"loc":{"start":{"line":112,"column":34},"end":{"line":114,"column":5}}},"18":{"name":"(anonymous_18)","decl":{"start":{"line":116,"column":4},"end":{"line":116,"column":23}},"loc":{"start":{"line":119,"column":5},"end":{"line":140,"column":5}}},"19":{"name":"(anonymous_19)","decl":{"start":{"line":142,"column":4},"end":{"line":142,"column":25}},"loc":{"start":{"line":142,"column":38},"end":{"line":146,"column":5}}}},"branchMap":{"0":{"loc":{"start":{"line":48,"column":51},"end":{"line":48,"column":78}},"type":"default-arg","locations":[{"start":{"line":48,"column":70},"end":{"line":48,"column":78}}]},"1":{"loc":{"start":{"line":48,"column":80},"end":{"line":48,"column":99}},"type":"default-arg","locations":[{"start":{"line":48,"column":96},"end":{"line":48,"column":99}}]},"2":{"loc":{"start":{"line":50,"column":21},"end":{"line":50,"column":70}},"type":"binary-expr","locations":[{"start":{"line":50,"column":21},"end":{"line":50,"column":64}},{"start":{"line":50,"column":68},"end":{"line":50,"column":70}}]},"3":{"loc":{"start":{"line":90,"column":15},"end":{"line":90,"column":87}},"type":"cond-expr","locations":[{"start":{"line":90,"column":33},"end":{"line":90,"column":80}},{"start":{"line":90,"column":83},"end":{"line":90,"column":87}}]},"4":{"loc":{"start":{"line":121,"column":8},"end":{"line":131,"column":9}},"type":"if","locations":[{"start":{"line":121,"column":8},"end":{"line":131,"column":9}},{"start":{"line":123,"column":15},"end":{"line":131,"column":9}}]},"5":{"loc":{"start":{"line":123,"column":15},"end":{"line":131,"column":9}},"type":"if","locations":[{"start":{"line":123,"column":15},"end":{"line":131,"column":9}},{"start":{"line":126,"column":15},"end":{"line":131,"column":9}}]},"6":{"loc":{"start":{"line":126,"column":15},"end":{"line":131,"column":9}},"type":"if","locations":[{"start":{"line":126,"column":15},"end":{"line":131,"column":9}},{"start":{"line":129,"column":15},"end":{"line":131,"column":9}}]},"7":{"loc":{"start":{"line":133,"column":8},"end":{"line":133,"column":27}},"type":"if","locations":[{"start":{"line":133,"column":8},"end":{"line":133,"column":27}}]},"8":{"loc":{"start":{"line":137,"column":8},"end":{"line":137,"column":37}},"type":"if","locations":[{"start":{"line":137,"column":8},"end":{"line":137,"column":37}}]},"9":{"loc":{"start":{"line":139,"column":27},"end":{"line":139,"column":53}},"type":"binary-expr","locations":[{"start":{"line":139,"column":27},"end":{"line":139,"column":40}},{"start":{"line":139,"column":44},"end":{"line":139,"column":53}}]}},"s":{"0":12,"1":12,"2":12,"3":12,"4":1,"5":0,"6":0,"7":0,"8":0,"9":0,"10":0,"11":0,"12":1,"13":0,"14":0,"15":0,"16":0,"17":0,"18":0,"19":0,"20":0,"21":0,"22":0,"23":1,"24":1,"25":1,"26":1,"27":0,"28":0,"29":0,"30":0,"31":0,"32":0,"33":0,"34":0,"35":0,"36":0,"37":0,"38":0,"39":0,"40":0,"41":0,"42":0,"43":0,"44":4},"f":{"0":12,"1":1,"2":0,"3":0,"4":0,"5":1,"6":0,"7":0,"8":0,"9":0,"10":0,"11":0,"12":0,"13":0,"14":1,"15":1,"16":1,"17":1,"18":0,"19":0},"b":{"0":[0],"1":[0],"2":[0,0],"3":[0,0],"4":[0,0],"5":[0,0],"6":[0,0],"7":[0],"8":[0],"9":[0,0]}}
}
