TN:
SF:src\ts\advanceSettings.ts
FN:20,(anonymous_2)
FN:115,(anonymous_3)
FN:128,(anonymous_4)
FN:133,(anonymous_5)
FN:143,(anonymous_6)
FN:149,(anonymous_7)
FN:172,(anonymous_8)
FN:195,(anonymous_9)
FN:201,(anonymous_10)
FN:206,(anonymous_11)
FN:211,(anonymous_12)
FN:215,(anonymous_13)
FN:219,(anonymous_14)
FN:230,(anonymous_15)
FN:237,(anonymous_16)
FN:238,(anonymous_17)
FN:239,(anonymous_18)
FN:261,(anonymous_19)
FN:25,_AdvanceSettings_markup
FN:91,_AdvanceSettings_analyticsUsage
FNF:20
FNH:3
FNDA:2,(anonymous_2)
FNDA:0,(anonymous_3)
FNDA:0,(anonymous_4)
FNDA:0,(anonymous_5)
FNDA:0,(anonymous_6)
FNDA:0,(anonymous_7)
FNDA:0,(anonymous_8)
FNDA:0,(anonymous_9)
FNDA:0,(anonymous_10)
FNDA:0,(anonymous_11)
FNDA:0,(anonymous_12)
FNDA:0,(anonymous_13)
FNDA:2,(anonymous_14)
FNDA:1,(anonymous_15)
FNDA:0,(anonymous_16)
FNDA:0,(anonymous_17)
FNDA:0,(anonymous_18)
FNDA:0,(anonymous_19)
FNDA:0,_AdvanceSettings_markup
FNDA:0,_AdvanceSettings_analyticsUsage
DA:4,1
DA:21,2
DA:25,1
DA:26,0
DA:27,0
DA:94,0
DA:95,0
DA:116,0
DA:117,0
DA:118,0
DA:119,0
DA:122,0
DA:125,0
DA:129,0
DA:130,0
DA:134,0
DA:135,0
DA:138,0
DA:140,0
DA:144,0
DA:145,0
DA:146,0
DA:150,0
DA:151,0
DA:154,0
DA:156,0
DA:157,0
DA:158,0
DA:161,0
DA:162,0
DA:165,0
DA:168,0
DA:173,0
DA:174,0
DA:177,0
DA:179,0
DA:180,0
DA:181,0
DA:184,0
DA:185,0
DA:188,0
DA:191,0
DA:196,0
DA:197,0
DA:198,0
DA:202,0
DA:207,0
DA:208,0
DA:212,0
DA:216,0
DA:220,2
DA:222,2
DA:223,2
DA:224,2
DA:225,2
DA:227,2
DA:231,1
DA:232,1
DA:233,1
DA:234,1
DA:238,0
DA:239,0
DA:240,0
DA:242,0
DA:247,0
DA:250,0
DA:256,0
DA:262,0
DA:263,0
DA:271,1
LF:70
LH:14
BRDA:154,0,0,0
BRDA:177,1,0,0
BRDA:196,2,0,0
BRDA:242,3,0,0
BRDA:243,4,0,0
BRDA:243,4,1,0
BRDA:243,4,2,0
BRF:7
BRH:0
end_of_record
TN:
SF:src\ts\basicSettings.ts
FN:12,(anonymous_1)
FN:16,(anonymous_2)
FN:28,(anonymous_3)
FN:33,(anonymous_4)
FN:34,(anonymous_5)
FN:39,(anonymous_6)
FN:44,(anonymous_7)
FN:49,(anonymous_8)
FN:62,(anonymous_9)
FN:83,(anonymous_10)
FN:105,(anonymous_11)
FNF:11
FNH:7
FNDA:8,(anonymous_1)
FNDA:2,(anonymous_2)
FNDA:1,(anonymous_3)
FNDA:1,(anonymous_4)
FNDA:1,(anonymous_5)
FNDA:1,(anonymous_6)
FNDA:1,(anonymous_7)
FNDA:0,(anonymous_8)
FNDA:0,(anonymous_9)
FNDA:0,(anonymous_10)
FNDA:0,(anonymous_11)
DA:3,3
DA:13,8
DA:17,2
DA:29,1
DA:30,1
DA:34,1
DA:35,1
DA:40,1
DA:41,1
DA:45,1
DA:46,1
DA:55,0
DA:56,0
DA:57,0
DA:58,0
DA:59,0
DA:63,0
DA:64,0
DA:66,0
DA:68,0
DA:70,0
DA:71,0
DA:72,0
DA:73,0
DA:74,0
DA:75,0
DA:77,0
DA:78,0
DA:79,0
DA:84,0
DA:86,0
DA:89,0
DA:91,0
DA:93,0
DA:96,0
DA:97,0
DA:98,0
DA:101,0
DA:102,0
DA:106,0
DA:108,0
DA:110,0
DA:111,0
DA:112,0
DA:113,0
DA:115,0
DA:116,0
DA:124,3
LF:48
LH:12
BRDA:66,0,0,0
BRDA:66,1,0,0
BRDA:66,1,1,0
BRDA:66,1,2,0
BRDA:66,1,3,0
BRDA:70,2,0,0
BRDA:70,2,1,0
BRDA:86,3,0,0
BRDA:86,4,0,0
BRDA:86,4,1,0
BRDA:93,5,0,0
BRDA:96,6,0,0
BRDA:108,7,0,0
BRDA:108,8,0,0
BRDA:108,8,1,0
BRDA:108,8,2,0
BRDA:110,9,0,0
BRDA:110,9,1,0
BRF:18
BRH:0
end_of_record
TN:
SF:src\ts\general.ts
FN:35,(anonymous_0)
FN:40,(anonymous_1)
FN:44,(anonymous_2)
FN:48,(anonymous_3)
FN:54,(anonymous_4)
FN:60,(anonymous_5)
FN:64,(anonymous_6)
FN:73,(anonymous_7)
FN:78,(anonymous_8)
FN:79,(anonymous_9)
FN:84,(anonymous_10)
FN:88,(anonymous_11)
FN:93,(anonymous_12)
FN:97,(anonymous_13)
FN:101,(anonymous_14)
FN:105,(anonymous_15)
FN:109,(anonymous_16)
FN:112,(anonymous_17)
FN:116,(anonymous_18)
FN:142,(anonymous_19)
FNF:20
FNH:7
FNDA:12,(anonymous_0)
FNDA:1,(anonymous_1)
FNDA:0,(anonymous_2)
FNDA:0,(anonymous_3)
FNDA:0,(anonymous_4)
FNDA:1,(anonymous_5)
FNDA:0,(anonymous_6)
FNDA:0,(anonymous_7)
FNDA:0,(anonymous_8)
FNDA:0,(anonymous_9)
FNDA:0,(anonymous_10)
FNDA:0,(anonymous_11)
FNDA:0,(anonymous_12)
FNDA:0,(anonymous_13)
FNDA:1,(anonymous_14)
FNDA:1,(anonymous_15)
FNDA:1,(anonymous_16)
FNDA:1,(anonymous_17)
FNDA:0,(anonymous_18)
FNDA:0,(anonymous_19)
DA:2,12
DA:21,12
DA:36,12
DA:37,12
DA:41,1
DA:45,0
DA:49,0
DA:50,0
DA:51,0
DA:55,0
DA:56,0
DA:57,0
DA:61,1
DA:65,0
DA:74,0
DA:75,0
DA:79,0
DA:80,0
DA:85,0
DA:89,0
DA:90,0
DA:94,0
DA:98,0
DA:102,1
DA:106,1
DA:110,1
DA:113,1
DA:121,0
DA:122,0
DA:123,0
DA:124,0
DA:125,0
DA:126,0
DA:127,0
DA:130,0
DA:133,0
DA:135,0
DA:137,0
DA:139,0
DA:143,0
DA:144,0
DA:145,0
DA:149,4
LF:43
LH:11
BRDA:48,0,0,0
BRDA:48,1,0,0
BRDA:50,2,0,0
BRDA:50,2,1,0
BRDA:90,3,0,0
BRDA:90,3,1,0
BRDA:121,4,0,0
BRDA:121,4,1,0
BRDA:123,5,0,0
BRDA:123,5,1,0
BRDA:126,6,0,0
BRDA:126,6,1,0
BRDA:133,7,0,0
BRDA:137,8,0,0
BRDA:139,9,0,0
BRDA:139,9,1,0
BRF:16
BRH:0
end_of_record
